C:\Program Files\Microsoft Visual Studio\2022\Community\MSBuild\Microsoft\VC\v170\Microsoft.CppBuild.targets(514,5): warning MSB8028: 중간 디렉터리(x64\Debug\)에 다른 프로젝트(study.vcxproj)에서 공유하는 파일이 포함되어 있습니다.  이로 인해 잘못된 정리 및 다시 빌드 동작이 수행될 수 있습니다.
  BetweenAdder.cpp
  DefaultValue1.cpp
  DefaultValue2.cpp
  DefaultValue3.cpp
  FunctionOverloading.cpp
  HelloWorld.cpp
  InlineFunc.cpp
  NameAlias.cpp
  NameSp1.cpp
  NameSp2.cpp
  NameSp3.cpp
  SimpleAdder.cpp
  StringIO.cpp
  UsingDcl1.cpp
  UsingDcl2.cpp
  UsingDcl3.cpp
  코드를 생성하고 있습니다...
MSVCRTD.lib(exe_main.obj) : error LNK2019: main"int __cdecl invoke_main(void)" (?invoke_main@@YAHXZ) 함수에서 참조되는 확인할 수 없는 외부 기호
C:\Users\leesj\Desktop\study_of_cpp\x64\Debug\study_1.exe : fatal error LNK1120: 1개의 확인할 수 없는 외부 참조입니다.
